|SourceProjectName:HelpFile.hpr
|DestinationProjectName:helpfile.htm
whhost.js
whmsg.js
whmozemu.js
whproxy.js
whstub.js
whutils.js
whver.js
whform.js
whphost.js
whstart.js
whtopic.js
whframes.js
whlang.js
whskin_info.htm
whskin_blank.htm
whskin_pickup.htm
whskin_homepage.htm
whskin_tw.htm
whthost.js
whtdhtml.htm
whihost.js
whibody.htm
whiform.htm
whfhost.js
whfbody.htm
whfform.htm
whghost.js
whgbody.htm
whgdhtml.htm
whgdef.htm
whproj.js
whproj.xml
whproj.htm
whxdata\whtoc.xml
whxdata\whidx.xml
whxdata\whfts.xml
whxdata\whglo.xml
whdata\whtoc.js
whdata\whtoc.htm
whdata\whtdata.js
whdata\whidx.js
whdata\whidx.htm
whdata\whidata.js
whdata\whfts.js
whdata\whfts.htm
whdata\whglo.js
whdata\whglo.htm
whdata\whgdata.js
whdata\whftdata.js
whdata\whfwdata.js
whres.xml
whgdata\whnvp30.htm
whgdata\whnvp31.htm
whgdata\whnvp32.htm
whgdata\whnvp33.htm
whgdata\whnvt30.htm
whgdata\whnvt31.htm
whgdata\whnvt32.htm
whgdata\whnvt33.htm
whgdata\whnvf30.htm
whgdata\whnvf31.htm
whgdata\whnvf32.htm
whgdata\whnvf33.htm
whgdata\whnvl31.htm
whgdata\whnvl32.htm
whgdata\whnvl33.htm
whgdata\whexpbar.gif
cshdat_webhelp.htm
whcsh_home.htm
whcshdata.htm
cshdat_robohelp.htm
whd_home.htm
whd_topic.xml
whd_nvp10.htm
whd_nvp20.htm
whd_tabs.htm
whd_dpns.htm
whd_tab0.gif
whd_tab1.gif
whd_tab2.gif
whd_tab3.gif
whd_tab4.gif
whd_tab5.gif
whd_tab6.gif
whd_tab7.gif
whd_tab8.gif
whd_toc1.gif
whd_toc2.gif
whd_toc3.gif
whd_toc4.gif
whd_show0.gif
whd_show1.gif
whd_show2.gif
whd_hide0.gif
whd_hide1.gif
whd_hide2.gif
whd_sync0.gif
whd_sync1.gif
whd_sync2.gif
whd_prev0.gif
whd_prev1.gif
whd_prev2.gif
whd_next0.gif
whd_next1.gif
whd_next2.gif
whd_wbsh0.gif
whd_wbsh1.gif
whd_wbsh2.gif
whidhtml.htm
whfdhtml.htm
helpfilea.hhk
helpfile.hhc
helpfile.hhk
workworld\welcome.htm
workworld\questions\question_birthdate.htm
workworld\questions\question_situation_date.htm
workworld\questions\question_state.htm
workworld\questions\question_blind.htm
workworld\questions\question_benefits_planning_query_bpqy_.htm
workworld\questions\question_situation_name.htm
workworld\questions\question_locality.htm
workworld\questions\question_married.htm
workworld\questions\question_living_with_spouse.htm
workworld\questions\question_spouse_birthdate.htm
workworld\questions\question_spouse_blind.htm
workworld\questions\question_disability.htm
workworld\questions\question_spouse_disability.htm
workworld\questions\question_living_with_spouse_and_own_parents.htm
workworld\questions\question_living_with_spouse_and_parents_of_spouse.htm
workworld\questions\question_living_with_spouse_and_other_adults.htm
workworld\questions\question_living_with_spouse_in_facility.htm
workworld\questions\question_spouse_living_in_facility.htm
workworld\questions\question_living_alone.htm
workworld\questions\question_living_with_parents.htm
workworld\questions\question_living_with_other_adults.htm
workworld\questions\question_living_in_facility.htm
workworld\questions\question_receive_supplemental_security_income_ssi_.htm
workworld\questions\question_final_determination_letter.htm
workworld\questions\question_12_months_since_onset_for_ssi.htm
workworld\questions\question_living_in_facility_supported_by_auxiliary_grant.htm
workworld\questions\question_living_with_spouse_in_facility_supported_by_aux_grant.htm
workworld\questions\question_actual_monthly_ssi_payment.htm
workworld\questions\question_medicaid_coverage.htm
workworld\questions\question_medicaid_covered_group.htm
workworld\questions\question_receive_institutional_care_medicaid_services.htm
workworld\questions\question_receive_home_and_community_based_care_hbc_.htm
workworld\questions\question_applying_for_medicaid.htm
workworld\questions\question_applying_for_medicaid_covered_group.htm
workworld\questions\question_applying_for_medicaid_works.htm
workworld\questions\question_applying_for_institutional_care_medicaid_services.htm
workworld\questions\question_applying_for_home_and_community_based_care_hbc_.htm
workworld\questions\question_spouse_considered_to_be_community_spouse.htm
workworld\questions\question_medicaid_as_protected_adult_disabled_child.htm
workworld\questions\question_receive_social_security_disability_insurance_ssdi_.htm
workworld\questions\question_12_months_since_onset_for_ssdi.htm
workworld\questions\question_ssdi_benefits_based_on_own_earnings_record.htm
workworld\questions\question_dependent_ssdi_benefits_based_on_your_record.htm
workworld\questions\question_disabled_adult_child.htm
workworld\questions\question_onset_date_of_blindness.htm
workworld\questions\question_skills_and_abilities_different_than_before_age_55.htm
workworld\questions\question_skills_and_abilities_different_than_before_onset_.htm
workworld\questions\question_actual_monthly_ssdi_payment.htm
workworld\questions\question_medicare_part_a.htm
workworld\questions\question_medicare_part_b.htm
workworld\questions\question_medicare_part_b_premium_deduction.htm
workworld\questions\question_medicare_part_b_premium_paid_out_of_pocket.htm
workworld\questions\question_medicare_part_b_premium.htm
workworld\questions\question_spouse_receives_ssi.htm
workworld\questions\question_spouse_living_in_facility_supported_by_auxiliary_grant.htm
workworld\questions\question_spouse_actual_monthly_ssi_payment.htm
workworld\questions\question_medicaid_coverage_of_spouse.htm
workworld\questions\question_medicaid_covered_group_of_spouse.htm
workworld\questions\question_spouse_receives_institutional_care_medicaid_services.htm
workworld\questions\question_spouse_receives_home_and_community_based_care_hbc_.htm
workworld\questions\question_spouse_applying_for_medicaid.htm
workworld\questions\question_spouse_applying_for_medicaid_covered_group.htm
workworld\questions\question_spouse_applying_for_medicaid_works.htm
workworld\questions\question_spouse_applying_for_institutional_care_medicaid_services.htm
workworld\questions\question_spouse_applying_for_home_and_community_based_care_hbc_.htm
workworld\questions\question_considered_to_be_community_spouse.htm
workworld\questions\question_spouse_medicaid_as_protected_adult_disabled_child.htm
workworld\questions\question_spouse_receives_ssdi.htm
workworld\questions\question_spouse_ssdi_benefits_based_on_own_earnings_record.htm
workworld\questions\question_dependent_ssdi_benefits_based_on_spouse_record.htm
workworld\questions\question_spouse_is_disabled_adult_child.htm
workworld\questions\question_spouse_onset_date_of_blindness.htm
workworld\questions\question_spouse_skills_and_abilities_different_than_before_onset.htm
workworld\questions\question_spouse_skills_and_abilities_different_than_before_age_55.htm
workworld\questions\question_spouse_actual_monthly_ssdi_payment.htm
workworld\questions\question_spouse_medicare_part_a.htm
workworld\questions\question_spouse_medicare_part_b.htm
workworld\questions\question_spouse_medicare_part_b_premium_deduction.htm
workworld\questions\question_spouse_medicare_part_b_premium_paid_out_of_pocket.htm
workworld\questions\question_spouse_medicare_part_b_premium.htm
workworld\questions\question_parental_income_deemed_to_you_for_ssi_purposes.htm
workworld\questions\question_parental_income_deemed_to_you_for_medicaid_purposes.htm
workworld\questions\question_parental_income_deemed_to_you_and_spouse_for_medicaid_purposes.htm
workworld\questions\question_spouse_income_or_resources_deemed_for_ssi_purposes.htm
workworld\questions\question_spouse_unearned_income_deemed_for_ssi_purposes.htm
workworld\questions\question_spouse_income_deemed_for_medicaid_purposes.htm
workworld\questions\question_spouse_unearned_income_deemed_for_medicaid_purposes.htm
workworld\questions\question_spouse_earned_income_deemed_for_ssi_purposes.htm
workworld\questions\question_spouse_earned_income_deemed_for_medicaid_purposes.htm
workworld\questions\question_countable_resources_exceed_individual_ssi_limit.htm
workworld\questions\question_countable_resources_exceed_couple_ssi_limit.htm
workworld\questions\question_countable_resources_exceed_individual_medicaid_limit.htm
workworld\questions\question_countable_resources_exceed_couple_medicaid_limit.htm
workworld\questions\question_countable_resources_exceed_individual_medicaid_limit_for_80_fpl.htm
workworld\questions\question_countable_resources_exceed_couple_medicaid_limit_for_80_fpl.htm
workworld\questions\question_home_equity_value_exceeds_ltc_limit.htm
workworld\questions\question_home_occupied_by_spouse_child_under_21_or_disabled_child.htm
workworld\questions\question_countable_resources_exceed_individual_medicaid_limit_for_qdwi.htm
workworld\questions\question_countable_resources_exceed_couple_medicaid_limit_for_qdwi.htm
workworld\questions\question_countable_resources_exceed_individual_medicaid_limit_for_qmb_slmb_or_qi.htm
workworld\questions\question_countable_resources_exceed_couple_medicaid_limit_for_qmb_slmb_or_qi.htm
workworld\questions\question_spouse_countable_resources_exceed_protected_resource_amount.htm
workworld\questions\question_spouse_excess_resources_plus_own_resources_exceed_medicaid_limit.htm
workworld\questions\question_countable_resources_exceed_medicaid_limit_for_300_ssi.htm
workworld\questions\question_established_work_incentive_account_for_medicaid_works.htm
workworld\questions\question_countable_resources_in_win_account_exceed_medicaid_works_limit.htm
workworld\questions\question_countable_resources_not_in_win_account_exceed_medicaid_works_limit.htm
workworld\questions\question_spouse_eligibility_countable_resources_exceed_couple_medicaid_limit.htm
workworld\questions\question_spouse_eligibility_countable_resources_exceed_couple_medicaid_limit_for_80_fpl.htm
workworld\questions\question_spouse_eligibility_countable_resources_exceed_medicaid_limit_for_300_ssi.htm
workworld\questions\question_spouse_eligibility_countable_resources_exceed_couple_medicaid_limit_for_qdwi.htm
workworld\questions\question_spouse_eligibility_countable_resources_exceed_couple_medicaid_limit_for_qmb_slmb_or_qi.htm
workworld\questions\question_excess_resources_plus_spouse_resources_exceed_medicaid_limit.htm
workworld\questions\question_spouse_established_work_incentive_account_for_medicaid_works.htm
workworld\questions\question_spouse_countable_resources_in_win_account_exceed_medicaid_works_limit.htm
workworld\questions\question_spouse_countable_resources_not_in_win_account_exceed_medicaid_works_limit.htm
workworld\questions\question_receive_in_kind_support.htm
workworld\questions\question_in_kind_support_with_value_of_one_third_reduction_vtr_.htm
workworld\questions\question_in_kind_support_with_presumed_maximum_value_pmv_.htm
workworld\questions\question_ssdi_primary_insurance_amount_pia_.htm
workworld\questions\question_ssdi_monthly_benefit_amount.htm
workworld\questions\question_other_unearned_income_amount.htm
workworld\questions\question_infrequent_or_irregular_unearned_income_amount.htm
workworld\questions\question_income_based_on_need_ibon_.htm
workworld\questions\question_assistance_based_on_need_abon_.htm
workworld\questions\question_spouse_ssdi_primary_insurance_amount_pia_.htm
workworld\questions\question_spouse_ssdi_monthly_benefit_amount.htm
workworld\questions\question_spouse_other_unearned_income_amount.htm
workworld\questions\question_spouse_infrequent_or_irregular_unearned_income_amount.htm
workworld\questions\question_spouse_income_based_on_need_ibon_.htm
workworld\questions\question_spouse_assistance_based_on_need_abon_.htm
workworld\questions\question_wages_salary_self_employment_earned_amount.htm
workworld\questions\question_wages_salary_self_employment_received_amount.htm
workworld\questions\question_competitively_employed.htm
workworld\questions\question_self_employed.htm
workworld\questions\question_lost_competitive_job_in_last_6_months.htm
workworld\questions\question_start_date_for_competitive_job.htm
workworld\questions\question_infrequent_or_irregular_wages_salary_self_employment_received_amount.htm
workworld\questions\question_individualized_earnings_threshold.htm
workworld\questions\question_individualized_earnings_threshold_amount.htm
workworld\questions\question_spouse_wages_salary_self_employment_earned_amount.htm
workworld\questions\question_spouse_wages_salary_self_employment_received_amount.htm
workworld\questions\question_spouse_competitively_employed.htm
workworld\questions\question_spouse_self_employed.htm
workworld\questions\question_spouse_lost_competitive_job_in_last_6_months.htm
workworld\questions\question_spouse_start_date_for_competitive_job.htm
workworld\questions\question_spouse_infrequent_or_irregular_wages_salary_self_employment_received_amount.htm
workworld\questions\question_spouse_individualized_earnings_threshold.htm
workworld\questions\question_spouse_individualized_earnings_threshold_amount.htm
workworld\questions\question_spouse_earned_income.htm
workworld\questions\question_disability_related_work_expenses.htm
workworld\questions\question_spouse_disability_related_work_expenses.htm
workworld\questions\question_estimated_taxes_on_earnings.htm
workworld\questions\question_spouse_estimated_taxes_on_earnings.htm
workworld\questions\question_medicaid_works_premium_amount.htm
workworld\questions\question_spouse_medicaid_works_premium_amount.htm
workworld\questions\question_other_work_expenses.htm
workworld\questions\question_spouse_other_work_expenses.htm
workworld\questions\question_facility_charges_for_room_board_and_services.htm
workworld\questions\question_couple_facility_charges_for_room_board_and_services.htm
workworld\questions\question_estimated_medical_expenses_with_medicaid.htm
workworld\questions\question_estimated_medical_expenses_without_medicaid.htm
workworld\questions\question_spouse_estimated_medical_expenses_with_medicaid.htm
workworld\questions\question_spouse_estimated_medical_expenses_without_medicaid.htm
workworld\questions\question_estimated_other_expenses.htm
workworld\questions\question_spouse_estimated_other_expenses.htm
workworld\questions\question_employability_investments.htm
workworld\questions\question_spouse_employability_investments.htm
workworld\questions\question_student.htm
workworld\questions\question_student_earned_income_exclusion_seie_amount.htm
workworld\questions\question_spouse_student.htm
workworld\questions\question_spouse_student_earned_income_exclusion_seie_amount.htm
workworld\questions\question_student_earned_income_exclusion_seie_less_than_earnings.htm
workworld\questions\question_student_earned_income_exclusion_seie_less_than_monthly_maximum.htm
workworld\questions\question_student_earned_income_exclusion_seie_not_excluded.htm
workworld\questions\question_couple_student_earned_income_exclusion_seie_less_than_earnings.htm
workworld\questions\question_couple_student_earned_income_exclusion_seie_less_than_monthly_maximum.htm
workworld\questions\question_couple_student_earned_income_exclusion_seie_not_excluded.htm
workworld\questions\question_spouse_student_earned_income_exclusion_seie_less_than_earnings.htm
workworld\questions\question_spouse_student_earned_income_exclusion_seie_less_than_monthly_maximum.htm
workworld\questions\question_spouse_student_earned_income_exclusion_seie_not_excluded.htm
workworld\questions\question_irwe_for_ssi_benefit_amount_or_medicaid_eligibility.htm
workworld\questions\question_spouse_irwe_for_ssi_benefit_amount_or_medicaid_eligibility.htm
workworld\questions\question_irwe_to_determine_substantial_gainful_activity_sga_.htm
workworld\questions\question_spouse_irwe_to_determine_substantial_gainful_activity_sga_.htm
workworld\questions\question_blind_work_expenses_bwe_.htm
workworld\questions\question_spouse_blind_work_expenses_bwe_.htm
workworld\questions\question_plan_for_achieving_self_support_pass_amount.htm
workworld\questions\question_spouse_plan_for_achieving_self_support_pass_amount.htm
workworld\questions\question_trial_work_and_grace_period.htm
workworld\questions\question_spouse_trial_work_and_grace_period.htm
workworld\questions\question_additional_supervision_or_special_conditions_subsidy.htm
workworld\questions\question_reduced_work_duties_subsidy.htm
workworld\questions\question_spouse_additional_supervision_or_special_conditions_subsidy.htm
workworld\questions\question_spouse_reduced_work_duties_subsidy.htm
workworld\questions\question_ssdi_adjustment_due_to_workers_compensation_or_public_disability_benefit.htm
workworld\questions\question_ssdi_adjustment_due_to_previous_underpayment.htm
workworld\questions\question_ssi_increased_due_to_ssdi_underpayment.htm
workworld\questions\question_ssdi_adjustment_due_to_previous_overpayment.htm
workworld\questions\question_ssi_decreased_due_to_ssdi_overpayment.htm
workworld\questions\question_spouse_ssdi_adjustment_due_to_workers_compensation_or_public_disability_benefit.htm
workworld\questions\question_spouse_ssdi_adjustment_due_to_previous_underpayment.htm
workworld\questions\question_spouse_ssi_increased_due_to_ssdi_underpayment.htm
workworld\questions\question_spouse_ssdi_adjustment_due_to_previous_overpayment.htm
workworld\questions\question_spouse_ssi_decreased_due_to_ssdi_overpayment.htm
workworld\questions\question_ssi_adjustment_due_to_previous_underpayment.htm
workworld\questions\question_ssi_adjustment_due_to_previous_overpayment.htm
workworld\questions\question_couple_ssi_adjustment_due_to_previous_underpayment.htm
workworld\questions\question_couple_ssi_adjustment_due_to_previous_overpayment.htm
workworld\file_sharing.htm
workworld\about_workworld_on_the_web.htm
ehlpdhtm.js
helpfile_rtf.css
whxdata\whtdata0.xml
whxdata\whidata0.xml
whxdata\whftdata0.xml
whxdata\whftdata1.xml
whxdata\whftdata2.xml
whxdata\whftdata3.xml
whxdata\whfwdata0.xml
whxdata\whfwdata1.xml
whxdata\whfwdata2.xml
whxdata\whfwdata3.xml
whxdata\whfwdata4.xml
whxdata\whfwdata5.xml
whdata\whtdata0.htm
whdata\whidata0.htm
whdata\whftdata0.htm
whdata\whftdata1.htm
whdata\whftdata2.htm
whdata\whftdata3.htm
whdata\whfwdata0.htm
whdata\whfwdata1.htm
whdata\whfwdata2.htm
whdata\whfwdata3.htm
whdata\whfwdata4.htm
whdata\whfwdata5.htm
whgdata\whlstt0.htm
whgdata\whlsti0.htm
whgdata\whlsti1.htm
whgdata\whlsti2.htm
whgdata\whlsti3.htm
whgdata\whlsti4.htm
whgdata\whlsti5.htm
whgdata\whlsti6.htm
whgdata\whlsti7.htm
whgdata\whlsti8.htm
whgdata\whlsti9.htm
whgdata\whlsti10.htm
whgdata\whlsti11.htm
whgdata\whlsti12.htm
whgdata\whlsti13.htm
whgdata\whlsti14.htm
whgdata\whlsti15.htm
whgdata\whlsti16.htm
whgdata\whlsti17.htm
whgdata\whlstf0.htm
whgdata\whlstf1.htm
whgdata\whlstf2.htm
whgdata\whlstf3.htm
whgdata\whlstf4.htm
whgdata\whlstf5.htm
whgdata\whlstf6.htm
whgdata\whlstf7.htm
whgdata\whlstf8.htm
whgdata\whlstf9.htm
whgdata\whlstf10.htm
whgdata\whlstf11.htm
whgdata\whlstf12.htm
whgdata\whlstf13.htm
whgdata\whlstf14.htm
whgdata\whlstf15.htm
whgdata\whlstf16.htm
whgdata\whlstf17.htm
whgdata\whlstf18.htm
whgdata\whlstf19.htm
whgdata\whlstf20.htm
whgdata\whlstf21.htm
whgdata\whlstf22.htm
whgdata\whlstf23.htm
whgdata\whlstf24.htm
whgdata\whlstf25.htm
whgdata\whlstf26.htm
whgdata\whlstg0.htm
helpfile.htm
helpfile_csh.htm
helpfile_rhc.htm
